        -:    0:Source:/home/luispedro/Documents/TEC/Semestre III/Algoritmos y Estructuras de Datos 2/Tarea 1/Client/tst/main.cpp
        -:    0:Graph:/home/luispedro/Documents/TEC/Semestre III/Algoritmos y Estructuras de Datos 2/Tarea 1/Client/cmake-build-debug-coverage/tst/CMakeFiles/Client_tst.dir/main.gcno
        -:    0:Data:/home/luispedro/Documents/TEC/Semestre III/Algoritmos y Estructuras de Datos 2/Tarea 1/Client/cmake-build-debug-coverage/tst/CMakeFiles/Client_tst.dir/main.gcda
        -:    0:Runs:1
        -:    1:#include "gtest/gtest.h"
        -:    2:
        1:    3:int main(int argc, char **argv) {
        1:    4:    ::testing::InitGoogleTest(&argc, argv);
        1:    4-block  0
        1:    5:    return RUN_ALL_TESTS();
        -:    6:}
